============================= test session starts ==============================
platform darwin -- Python 3.8.0, pytest-6.1.2, py-1.9.0, pluggy-0.13.1
rootdir: /Users/meganfrenkel/Workspace/KERMit
plugins: mock-3.3.1
collected 200 items

server/tests/integration/test_authentication.py ........                 [  4%]
server/tests/integration/test_leaderboard.py .......                     [  7%]
server/tests/integration/test_sudoku_endpoints.py ...................... [ 18%]
............                                                             [ 24%]
server/tests/unit/test_authentication.py ..............                  [ 31%]
server/tests/unit/test_google_auth.py ..                                 [ 32%]
server/tests/unit/test_leaderboard.py ..                                 [ 33%]
server/tests/unit/test_player.py ....FF.........                         [ 41%]
server/tests/unit/test_puzzle_exception.py .                             [ 41%]
server/tests/unit/test_puzzle_pieces.py ........                         [ 45%]
server/tests/unit/test_sockets.py .....................                  [ 56%]
server/tests/unit/test_sudoku_puzzle.py ................................ [ 72%]
.............                                                            [ 78%]
server/tests/unit/test_sudoku_puzzle_solution.py ...                     [ 80%]
server/tests/unit/test_sudoku_resources.py ............................. [ 94%]
..                                                                       [ 95%]
server/tests/unit/test_user.py .........                                 [100%]

=================================== FAILURES ===================================
________________ test_find_all_puzzles_for_player_visible_only _________________

monkeypatch = <_pytest.monkeypatch.MonkeyPatch object at 0x1118c71f0>
find_player_mock = None

    def test_find_all_puzzles_for_player_visible_only(monkeypatch, find_player_mock):
        """
        This test is mostly mocks; tests sure that visible only is OK to use.
        """
        monkeypatch.setattr('flask_sqlalchemy._QueryProperty.__get__', MockBaseQuery)
    
>       result = PuzzlePlayer.find_all_puzzles_for_player('923423', visible=True)
E       TypeError: find_all_puzzles_for_player() got an unexpected keyword argument 'visible'

server/tests/unit/test_player.py:113: TypeError
_____________ test_find_all_puzzles_for_player_visible_and_hidden ______________

monkeypatch = <_pytest.monkeypatch.MonkeyPatch object at 0x1118c77f0>
find_player_mock = None

    def test_find_all_puzzles_for_player_visible_and_hidden(monkeypatch, find_player_mock):
        """
        This test is mostly mocks; tests that using hidden and visible (an expected choice)
        still results in a reasonable output without error.
        """
        monkeypatch.setattr('flask_sqlalchemy._QueryProperty.__get__', MockBaseQuery)
    
>       result = PuzzlePlayer.find_all_puzzles_for_player('923423', hidden=True, visible=True)
E       TypeError: find_all_puzzles_for_player() got an unexpected keyword argument 'visible'

server/tests/unit/test_player.py:125: TypeError
=============================== warnings summary ===============================
server/venv/lib/python3.8/site-packages/eventlet/patcher.py:1
  /Users/meganfrenkel/Workspace/KERMit/server/venv/lib/python3.8/site-packages/eventlet/patcher.py:1: DeprecationWarning: the imp module is deprecated in favour of importlib; see the module's documentation for alternative uses
    import imp

server/venv/lib/python3.8/site-packages/dns/hash.py:23
  /Users/meganfrenkel/Workspace/KERMit/server/venv/lib/python3.8/site-packages/dns/hash.py:23: DeprecationWarning: dns.hash module will be removed in future versions. Please use hashlib instead.
    warnings.warn(

server/venv/lib/python3.8/site-packages/dns/namedict.py:35
  /Users/meganfrenkel/Workspace/KERMit/server/venv/lib/python3.8/site-packages/dns/namedict.py:35: DeprecationWarning: Using or importing the ABCs from 'collections' instead of from 'collections.abc' is deprecated since Python 3.3, and in 3.9 it will stop working
    class NameDict(collections.MutableMapping):

server/tests/integration/test_authentication.py::test_registration_missing_header
  /Users/meganfrenkel/Workspace/KERMit/server/venv/lib/python3.8/site-packages/sqlalchemy/util/langhelpers.py:254: SADeprecationWarning: The 'postgres' dialect name has been renamed to 'postgresql'
    loader = self.auto_fn(name)

-- Docs: https://docs.pytest.org/en/stable/warnings.html
=========================== short test summary info ============================
FAILED server/tests/unit/test_player.py::test_find_all_puzzles_for_player_visible_only
FAILED server/tests/unit/test_player.py::test_find_all_puzzles_for_player_visible_and_hidden
================== 2 failed, 198 passed, 4 warnings in 49.06s ==================
